ARM GAS  C:\Users\Mario\AppData\Local\Temp\cc3GNOht.s 			page 1


   1              		.syntax unified
   2              		.cpu cortex-m3
   3              		.fpu softvfp
   4              		.eabi_attribute 20, 1
   5              		.eabi_attribute 21, 1
   6              		.eabi_attribute 23, 3
   7              		.eabi_attribute 24, 1
   8              		.eabi_attribute 25, 1
   9              		.eabi_attribute 26, 1
  10              		.eabi_attribute 30, 1
  11              		.eabi_attribute 34, 1
  12              		.eabi_attribute 18, 4
  13              		.thumb
  14              		.syntax unified
  15              		.file	"cymetadata.c"
  16              		.text
  17              	.Ltext0:
  18              		.cfi_sections	.debug_frame
  19              		.global	cy_metadata
  20              		.global	cy_meta_flashprotect
  21              		.global	cy_meta_wonvl
  22              		.global	cy_meta_custnvl
  23              		.global	cy_meta_configecc
  24              		.section	.cyconfigecc,"a",%progbits
  25              		.align	2
  26              		.type	cy_meta_configecc, %object
  27              		.size	cy_meta_configecc, 300
  28              	cy_meta_configecc:
  29 0000 02       		.byte	2
  30 0001 52       		.byte	82
  31 0002 00       		.byte	0
  32 0003 40       		.byte	64
  33 0004 01       		.byte	1
  34 0005 03       		.byte	3
  35 0006 01       		.byte	1
  36 0007 40       		.byte	64
  37 0008 01       		.byte	1
  38 0009 05       		.byte	5
  39 000a 01       		.byte	1
  40 000b 40       		.byte	64
  41 000c 06       		.byte	6
  42 000d 0B       		.byte	11
  43 000e 01       		.byte	1
  44 000f 40       		.byte	64
  45 0010 02       		.byte	2
  46 0011 0C       		.byte	12
  47 0012 01       		.byte	1
  48 0013 40       		.byte	64
  49 0014 0A       		.byte	10
  50 0015 0D       		.byte	13
  51 0016 01       		.byte	1
  52 0017 40       		.byte	64
  53 0018 05       		.byte	5
  54 0019 15       		.byte	21
  55 001a 01       		.byte	1
  56 001b 40       		.byte	64
  57 001c 05       		.byte	5
ARM GAS  C:\Users\Mario\AppData\Local\Temp\cc3GNOht.s 			page 2


  58 001d 1B       		.byte	27
  59 001e 01       		.byte	1
  60 001f 40       		.byte	64
  61 0020 02       		.byte	2
  62 0021 41       		.byte	65
  63 0022 01       		.byte	1
  64 0023 40       		.byte	64
  65 0024 08       		.byte	8
  66 0025 42       		.byte	66
  67 0026 01       		.byte	1
  68 0027 40       		.byte	64
  69 0028 01       		.byte	1
  70 0029 43       		.byte	67
  71 002a 01       		.byte	1
  72 002b 40       		.byte	64
  73 002c 0D       		.byte	13
  74 002d 45       		.byte	69
  75 002e 01       		.byte	1
  76 002f 40       		.byte	64
  77 0030 04       		.byte	4
  78 0031 46       		.byte	70
  79 0032 01       		.byte	1
  80 0033 40       		.byte	64
  81 0034 01       		.byte	1
  82 0035 48       		.byte	72
  83 0036 01       		.byte	1
  84 0037 40       		.byte	64
  85 0038 11       		.byte	17
  86 0039 49       		.byte	73
  87 003a 01       		.byte	1
  88 003b 40       		.byte	64
  89 003c 07       		.byte	7
  90 003d 4C       		.byte	76
  91 003e 01       		.byte	1
  92 003f 40       		.byte	64
  93 0040 09       		.byte	9
  94 0041 4D       		.byte	77
  95 0042 01       		.byte	1
  96 0043 40       		.byte	64
  97 0044 01       		.byte	1
  98 0045 51       		.byte	81
  99 0046 01       		.byte	1
 100 0047 40       		.byte	64
 101 0048 10       		.byte	16
 102 0049 90       		.byte	-112
 103 004a 11       		.byte	17
 104 004b C8       		.byte	-56
 105 004c E2       		.byte	-30
 106 004d 01       		.byte	1
 107 004e E2       		.byte	-30
 108 004f 08       		.byte	8
 109 0050 84       		.byte	-124
 110 0051 02       		.byte	2
 111 0052 A0       		.byte	-96
 112 0053 02       		.byte	2
 113 0054 A8       		.byte	-88
 114 0055 10       		.byte	16
ARM GAS  C:\Users\Mario\AppData\Local\Temp\cc3GNOht.s 			page 3


 115 0056 B1       		.byte	-79
 116 0057 08       		.byte	8
 117 0058 B5       		.byte	-75
 118 0059 01       		.byte	1
 119 005a E8       		.byte	-24
 120 005b 04       		.byte	4
 121 005c DB       		.byte	-37
 122 005d 04       		.byte	4
 123 005e DF       		.byte	-33
 124 005f 01       		.byte	1
 125 0060 68       		.byte	104
 126 0061 12       		.byte	18
 127 0062 69       		.byte	105
 128 0063 02       		.byte	2
 129 0064 6A       		.byte	106
 130 0065 10       		.byte	16
 131 0066 70       		.byte	112
 132 0067 90       		.byte	-112
 133 0068 71       		.byte	113
 134 0069 09       		.byte	9
 135 006a 80       		.byte	-128
 136 006b 80       		.byte	-128
 137 006c 82       		.byte	-126
 138 006d 10       		.byte	16
 139 006e 88       		.byte	-120
 140 006f 10       		.byte	16
 141 0070 89       		.byte	-119
 142 0071 01       		.byte	1
 143 0072 E0       		.byte	-32
 144 0073 04       		.byte	4
 145 0074 E0       		.byte	-32
 146 0075 08       		.byte	8
 147 0076 E2       		.byte	-30
 148 0077 04       		.byte	4
 149 0078 E4       		.byte	-28
 150 0079 01       		.byte	1
 151 007a EA       		.byte	-22
 152 007b 01       		.byte	1
 153 007c EE       		.byte	-18
 154 007d 10       		.byte	16
 155 007e E0       		.byte	-32
 156 007f 08       		.byte	8
 157 0080 E2       		.byte	-30
 158 0081 04       		.byte	4
 159 0082 E4       		.byte	-28
 160 0083 01       		.byte	1
 161 0084 EA       		.byte	-22
 162 0085 01       		.byte	1
 163 0086 EE       		.byte	-18
 164 0087 10       		.byte	16
 165 0088 81       		.byte	-127
 166 0089 08       		.byte	8
 167 008a E2       		.byte	-30
 168 008b 80       		.byte	-128
 169 008c 3E       		.byte	62
 170 008d 10       		.byte	16
 171 008e 53       		.byte	83
ARM GAS  C:\Users\Mario\AppData\Local\Temp\cc3GNOht.s 			page 4


 172 008f 40       		.byte	64
 173 0090 55       		.byte	85
 174 0091 08       		.byte	8
 175 0092 87       		.byte	-121
 176 0093 40       		.byte	64
 177 0094 A1       		.byte	-95
 178 0095 08       		.byte	8
 179 0096 CE       		.byte	-50
 180 0097 20       		.byte	32
 181 0098 D4       		.byte	-44
 182 0099 60       		.byte	96
 183 009a E2       		.byte	-30
 184 009b 10       		.byte	16
 185 009c 96       		.byte	-106
 186 009d 10       		.byte	16
 187 009e 50       		.byte	80
 188 009f 80       		.byte	-128
 189 00a0 58       		.byte	88
 190 00a1 10       		.byte	16
 191 00a2 59       		.byte	89
 192 00a3 01       		.byte	1
 193 00a4 61       		.byte	97
 194 00a5 02       		.byte	2
 195 00a6 65       		.byte	101
 196 00a7 80       		.byte	-128
 197 00a8 66       		.byte	102
 198 00a9 01       		.byte	1
 199 00aa 81       		.byte	-127
 200 00ab 80       		.byte	-128
 201 00ac 88       		.byte	-120
 202 00ad 90       		.byte	-112
 203 00ae D4       		.byte	-44
 204 00af 05       		.byte	5
 205 00b0 D6       		.byte	-42
 206 00b1 03       		.byte	3
 207 00b2 D8       		.byte	-40
 208 00b3 03       		.byte	3
 209 00b4 E0       		.byte	-32
 210 00b5 04       		.byte	4
 211 00b6 E4       		.byte	-28
 212 00b7 01       		.byte	1
 213 00b8 A9       		.byte	-87
 214 00b9 01       		.byte	1
 215 00ba B1       		.byte	-79
 216 00bb 02       		.byte	2
 217 00bc B6       		.byte	-74
 218 00bd 01       		.byte	1
 219 00be EC       		.byte	-20
 220 00bf 06       		.byte	6
 221 00c0 96       		.byte	-106
 222 00c1 10       		.byte	16
 223 00c2 12       		.byte	18
 224 00c3 20       		.byte	32
 225 00c4 16       		.byte	22
 226 00c5 40       		.byte	64
 227 00c6 77       		.byte	119
 228 00c7 20       		.byte	32
ARM GAS  C:\Users\Mario\AppData\Local\Temp\cc3GNOht.s 			page 5


 229 00c8 7B       		.byte	123
 230 00c9 02       		.byte	2
 231 00ca 82       		.byte	-126
 232 00cb 20       		.byte	32
 233 00cc 83       		.byte	-125
 234 00cd 02       		.byte	2
 235 00ce 86       		.byte	-122
 236 00cf 40       		.byte	64
 237 00d0 9B       		.byte	-101
 238 00d1 20       		.byte	32
 239 00d2 AA       		.byte	-86
 240 00d3 10       		.byte	16
 241 00d4 B7       		.byte	-73
 242 00d5 20       		.byte	32
 243 00d6 C4       		.byte	-60
 244 00d7 30       		.byte	48
 245 00d8 DC       		.byte	-36
 246 00d9 80       		.byte	-128
 247 00da DE       		.byte	-34
 248 00db 20       		.byte	32
 249 00dc E0       		.byte	-32
 250 00dd 10       		.byte	16
 251 00de E2       		.byte	-30
 252 00df 20       		.byte	32
 253 00e0 E4       		.byte	-28
 254 00e1 80       		.byte	-128
 255 00e2 EA       		.byte	-22
 256 00e3 80       		.byte	-128
 257 00e4 11       		.byte	17
 258 00e5 08       		.byte	8
 259 00e6 13       		.byte	19
 260 00e7 20       		.byte	32
 261 00e8 17       		.byte	23
 262 00e9 04       		.byte	4
 263 00ea 7B       		.byte	123
 264 00eb 10       		.byte	16
 265 00ec 7F       		.byte	127
 266 00ed 40       		.byte	64
 267 00ee C4       		.byte	-60
 268 00ef 0E       		.byte	14
 269 00f0 DE       		.byte	-34
 270 00f1 03       		.byte	3
 271 00f2 81       		.byte	-127
 272 00f3 04       		.byte	4
 273 00f4 83       		.byte	-125
 274 00f5 10       		.byte	16
 275 00f6 87       		.byte	-121
 276 00f7 40       		.byte	64
 277 00f8 97       		.byte	-105
 278 00f9 80       		.byte	-128
 279 00fa A1       		.byte	-95
 280 00fb 04       		.byte	4
 281 00fc A7       		.byte	-89
 282 00fd 10       		.byte	16
 283 00fe AB       		.byte	-85
 284 00ff 20       		.byte	32
 285 0100 B7       		.byte	-73
ARM GAS  C:\Users\Mario\AppData\Local\Temp\cc3GNOht.s 			page 6


 286 0101 04       		.byte	4
 287 0102 EE       		.byte	-18
 288 0103 08       		.byte	8
 289 0104 03       		.byte	3
 290 0105 C0       		.byte	-64
 291 0106 00       		.byte	0
 292 0107 00       		.byte	0
 293 0108 0A       		.byte	10
 294 0109 0C       		.byte	12
 295 010a 00       		.byte	0
 296 010b 00       		.byte	0
 297 010c 03       		.byte	3
 298 010d 00       		.byte	0
 299 010e 00       		.byte	0
 300 010f 00       		.byte	0
 301 0110 03       		.byte	3
 302 0111 00       		.byte	0
 303 0112 00       		.byte	0
 304 0113 0C       		.byte	12
 305 0114 0F       		.byte	15
 306 0115 00       		.byte	0
 307 0116 0F       		.byte	15
 308 0117 00       		.byte	0
 309 0118 00       		.byte	0
 310 0119 00       		.byte	0
 311 011a 00       		.byte	0
 312 011b 00       		.byte	0
 313 011c 00       		.byte	0
 314 011d 0B       		.byte	11
 315 011e 0B       		.byte	11
 316 011f 00       		.byte	0
 317 0120 00       		.byte	0
 318 0121 00       		.byte	0
 319 0122 00       		.byte	0
 320 0123 00       		.byte	0
 321 0124 00       		.byte	0
 322 0125 F9       		.byte	-7
 323 0126 F9       		.byte	-7
 324 0127 00       		.byte	0
 325 0128 F9       		.byte	-7
 326 0129 00       		.byte	0
 327 012a 00       		.byte	0
 328 012b 00       		.byte	0
 329              		.section	.cywolatch,"a",%progbits
 330              		.align	2
 331              		.type	cy_meta_wonvl, %object
 332              		.size	cy_meta_wonvl, 4
 333              	cy_meta_wonvl:
 334 0000 BC       		.byte	-68
 335 0001 90       		.byte	-112
 336 0002 AC       		.byte	-84
 337 0003 AF       		.byte	-81
 338              		.section	.cycustnvl,"a",%progbits
 339              		.align	2
 340              		.type	cy_meta_custnvl, %object
 341              		.size	cy_meta_custnvl, 4
 342              	cy_meta_custnvl:
ARM GAS  C:\Users\Mario\AppData\Local\Temp\cc3GNOht.s 			page 7


 343 0000 00       		.byte	0
 344 0001 00       		.byte	0
 345 0002 40       		.byte	64
 346 0003 05       		.byte	5
 347              		.section	.cymeta,"a",%progbits
 348              		.align	2
 349              		.type	cy_metadata, %object
 350              		.size	cy_metadata, 12
 351              	cy_metadata:
 352 0000 00       		.byte	0
 353 0001 01       		.byte	1
 354 0002 2E       		.byte	46
 355 0003 16       		.byte	22
 356 0004 10       		.byte	16
 357 0005 69       		.byte	105
 358 0006 00       		.byte	0
 359 0007 01       		.byte	1
 360 0008 00       		.byte	0
 361 0009 00       		.byte	0
 362 000a 00       		.byte	0
 363 000b 00       		.byte	0
 364              		.section	.cyflashprotect,"a",%progbits
 365              		.align	2
 366              		.type	cy_meta_flashprotect, %object
 367              		.size	cy_meta_flashprotect, 256
 368              	cy_meta_flashprotect:
 369 0000 00000000 		.space	256
 369      00000000 
 369      00000000 
 369      00000000 
 369      00000000 
 370              		.text
 371              	.Letext0:
 372              		.file 1 "c:\\program files (x86)\\cypress\\psoc creator\\4.4\\psoc creator\\import\\gnu\\arm\\5.4.
 373              		.file 2 "c:\\program files (x86)\\cypress\\psoc creator\\4.4\\psoc creator\\import\\gnu\\arm\\5.4.
 374              		.file 3 "Generated_Source\\PSoC5\\cymetadata.c"
 375              		.section	.debug_info,"",%progbits
 376              	.Ldebug_info0:
 377 0000 31010000 		.4byte	0x131
 378 0004 0400     		.2byte	0x4
 379 0006 00000000 		.4byte	.Ldebug_abbrev0
 380 000a 04       		.byte	0x4
 381 000b 01       		.uleb128 0x1
 382 000c 8A000000 		.4byte	.LASF17
 383 0010 0C       		.byte	0xc
 384 0011 E4010000 		.4byte	.LASF18
 385 0015 16000000 		.4byte	.LASF19
 386 0019 00000000 		.4byte	.Ldebug_line0
 387 001d 02       		.uleb128 0x2
 388 001e 01       		.byte	0x1
 389 001f 06       		.byte	0x6
 390 0020 D8010000 		.4byte	.LASF0
 391 0024 03       		.uleb128 0x3
 392 0025 00000000 		.4byte	.LASF9
 393 0029 01       		.byte	0x1
 394 002a 1D       		.byte	0x1d
 395 002b 2F000000 		.4byte	0x2f
ARM GAS  C:\Users\Mario\AppData\Local\Temp\cc3GNOht.s 			page 8


 396 002f 02       		.uleb128 0x2
 397 0030 01       		.byte	0x1
 398 0031 08       		.byte	0x8
 399 0032 7C000000 		.4byte	.LASF1
 400 0036 02       		.uleb128 0x2
 401 0037 02       		.byte	0x2
 402 0038 05       		.byte	0x5
 403 0039 C5010000 		.4byte	.LASF2
 404 003d 02       		.uleb128 0x2
 405 003e 02       		.byte	0x2
 406 003f 07       		.byte	0x7
 407 0040 2A010000 		.4byte	.LASF3
 408 0044 02       		.uleb128 0x2
 409 0045 04       		.byte	0x4
 410 0046 05       		.byte	0x5
 411 0047 CF010000 		.4byte	.LASF4
 412 004b 02       		.uleb128 0x2
 413 004c 04       		.byte	0x4
 414 004d 07       		.byte	0x7
 415 004e 18010000 		.4byte	.LASF5
 416 0052 02       		.uleb128 0x2
 417 0053 08       		.byte	0x8
 418 0054 05       		.byte	0x5
 419 0055 B7010000 		.4byte	.LASF6
 420 0059 02       		.uleb128 0x2
 421 005a 08       		.byte	0x8
 422 005b 07       		.byte	0x7
 423 005c 6C010000 		.4byte	.LASF7
 424 0060 04       		.uleb128 0x4
 425 0061 04       		.byte	0x4
 426 0062 05       		.byte	0x5
 427 0063 696E7400 		.ascii	"int\000"
 428 0067 02       		.uleb128 0x2
 429 0068 04       		.byte	0x4
 430 0069 07       		.byte	0x7
 431 006a 5F010000 		.4byte	.LASF8
 432 006e 03       		.uleb128 0x3
 433 006f 83010000 		.4byte	.LASF10
 434 0073 02       		.byte	0x2
 435 0074 18       		.byte	0x18
 436 0075 24000000 		.4byte	0x24
 437 0079 05       		.uleb128 0x5
 438 007a 91000000 		.4byte	0x91
 439 007e 8A000000 		.4byte	0x8a
 440 0082 06       		.uleb128 0x6
 441 0083 8A000000 		.4byte	0x8a
 442 0087 2B01     		.2byte	0x12b
 443 0089 00       		.byte	0
 444 008a 02       		.uleb128 0x2
 445 008b 04       		.byte	0x4
 446 008c 07       		.byte	0x7
 447 008d AE010000 		.4byte	.LASF11
 448 0091 07       		.uleb128 0x7
 449 0092 6E000000 		.4byte	0x6e
 450 0096 08       		.uleb128 0x8
 451 0097 4D010000 		.4byte	.LASF12
 452 009b 03       		.byte	0x3
ARM GAS  C:\Users\Mario\AppData\Local\Temp\cc3GNOht.s 			page 9


 453 009c 1F       		.byte	0x1f
 454 009d A7000000 		.4byte	0xa7
 455 00a1 05       		.uleb128 0x5
 456 00a2 03       		.byte	0x3
 457 00a3 00000000 		.4byte	cy_meta_configecc
 458 00a7 07       		.uleb128 0x7
 459 00a8 79000000 		.4byte	0x79
 460 00ac 05       		.uleb128 0x5
 461 00ad 91000000 		.4byte	0x91
 462 00b1 BC000000 		.4byte	0xbc
 463 00b5 09       		.uleb128 0x9
 464 00b6 8A000000 		.4byte	0x8a
 465 00ba 03       		.byte	0x3
 466 00bb 00       		.byte	0
 467 00bc 08       		.uleb128 0x8
 468 00bd 3D010000 		.4byte	.LASF13
 469 00c1 03       		.byte	0x3
 470 00c2 52       		.byte	0x52
 471 00c3 CD000000 		.4byte	0xcd
 472 00c7 05       		.uleb128 0x5
 473 00c8 03       		.byte	0x3
 474 00c9 00000000 		.4byte	cy_meta_custnvl
 475 00cd 07       		.uleb128 0x7
 476 00ce AC000000 		.4byte	0xac
 477 00d2 08       		.uleb128 0x8
 478 00d3 A0010000 		.4byte	.LASF14
 479 00d7 03       		.byte	0x3
 480 00d8 60       		.byte	0x60
 481 00d9 E3000000 		.4byte	0xe3
 482 00dd 05       		.uleb128 0x5
 483 00de 03       		.byte	0x3
 484 00df 00000000 		.4byte	cy_meta_wonvl
 485 00e3 07       		.uleb128 0x7
 486 00e4 AC000000 		.4byte	0xac
 487 00e8 05       		.uleb128 0x5
 488 00e9 91000000 		.4byte	0x91
 489 00ed F8000000 		.4byte	0xf8
 490 00f1 09       		.uleb128 0x9
 491 00f2 8A000000 		.4byte	0x8a
 492 00f6 FF       		.byte	0xff
 493 00f7 00       		.byte	0
 494 00f8 08       		.uleb128 0x8
 495 00f9 8B010000 		.4byte	.LASF15
 496 00fd 03       		.byte	0x3
 497 00fe 6E       		.byte	0x6e
 498 00ff 09010000 		.4byte	0x109
 499 0103 05       		.uleb128 0x5
 500 0104 03       		.byte	0x3
 501 0105 00000000 		.4byte	cy_meta_flashprotect
 502 0109 07       		.uleb128 0x7
 503 010a E8000000 		.4byte	0xe8
 504 010e 05       		.uleb128 0x5
 505 010f 91000000 		.4byte	0x91
 506 0113 1E010000 		.4byte	0x11e
 507 0117 09       		.uleb128 0x9
 508 0118 8A000000 		.4byte	0x8a
 509 011c 0B       		.byte	0xb
ARM GAS  C:\Users\Mario\AppData\Local\Temp\cc3GNOht.s 			page 10


 510 011d 00       		.byte	0
 511 011e 08       		.uleb128 0x8
 512 011f 0A000000 		.4byte	.LASF16
 513 0123 03       		.byte	0x3
 514 0124 9B       		.byte	0x9b
 515 0125 2F010000 		.4byte	0x12f
 516 0129 05       		.uleb128 0x5
 517 012a 03       		.byte	0x3
 518 012b 00000000 		.4byte	cy_metadata
 519 012f 07       		.uleb128 0x7
 520 0130 0E010000 		.4byte	0x10e
 521 0134 00       		.byte	0
 522              		.section	.debug_abbrev,"",%progbits
 523              	.Ldebug_abbrev0:
 524 0000 01       		.uleb128 0x1
 525 0001 11       		.uleb128 0x11
 526 0002 01       		.byte	0x1
 527 0003 25       		.uleb128 0x25
 528 0004 0E       		.uleb128 0xe
 529 0005 13       		.uleb128 0x13
 530 0006 0B       		.uleb128 0xb
 531 0007 03       		.uleb128 0x3
 532 0008 0E       		.uleb128 0xe
 533 0009 1B       		.uleb128 0x1b
 534 000a 0E       		.uleb128 0xe
 535 000b 10       		.uleb128 0x10
 536 000c 17       		.uleb128 0x17
 537 000d 00       		.byte	0
 538 000e 00       		.byte	0
 539 000f 02       		.uleb128 0x2
 540 0010 24       		.uleb128 0x24
 541 0011 00       		.byte	0
 542 0012 0B       		.uleb128 0xb
 543 0013 0B       		.uleb128 0xb
 544 0014 3E       		.uleb128 0x3e
 545 0015 0B       		.uleb128 0xb
 546 0016 03       		.uleb128 0x3
 547 0017 0E       		.uleb128 0xe
 548 0018 00       		.byte	0
 549 0019 00       		.byte	0
 550 001a 03       		.uleb128 0x3
 551 001b 16       		.uleb128 0x16
 552 001c 00       		.byte	0
 553 001d 03       		.uleb128 0x3
 554 001e 0E       		.uleb128 0xe
 555 001f 3A       		.uleb128 0x3a
 556 0020 0B       		.uleb128 0xb
 557 0021 3B       		.uleb128 0x3b
 558 0022 0B       		.uleb128 0xb
 559 0023 49       		.uleb128 0x49
 560 0024 13       		.uleb128 0x13
 561 0025 00       		.byte	0
 562 0026 00       		.byte	0
 563 0027 04       		.uleb128 0x4
 564 0028 24       		.uleb128 0x24
 565 0029 00       		.byte	0
 566 002a 0B       		.uleb128 0xb
ARM GAS  C:\Users\Mario\AppData\Local\Temp\cc3GNOht.s 			page 11


 567 002b 0B       		.uleb128 0xb
 568 002c 3E       		.uleb128 0x3e
 569 002d 0B       		.uleb128 0xb
 570 002e 03       		.uleb128 0x3
 571 002f 08       		.uleb128 0x8
 572 0030 00       		.byte	0
 573 0031 00       		.byte	0
 574 0032 05       		.uleb128 0x5
 575 0033 01       		.uleb128 0x1
 576 0034 01       		.byte	0x1
 577 0035 49       		.uleb128 0x49
 578 0036 13       		.uleb128 0x13
 579 0037 01       		.uleb128 0x1
 580 0038 13       		.uleb128 0x13
 581 0039 00       		.byte	0
 582 003a 00       		.byte	0
 583 003b 06       		.uleb128 0x6
 584 003c 21       		.uleb128 0x21
 585 003d 00       		.byte	0
 586 003e 49       		.uleb128 0x49
 587 003f 13       		.uleb128 0x13
 588 0040 2F       		.uleb128 0x2f
 589 0041 05       		.uleb128 0x5
 590 0042 00       		.byte	0
 591 0043 00       		.byte	0
 592 0044 07       		.uleb128 0x7
 593 0045 26       		.uleb128 0x26
 594 0046 00       		.byte	0
 595 0047 49       		.uleb128 0x49
 596 0048 13       		.uleb128 0x13
 597 0049 00       		.byte	0
 598 004a 00       		.byte	0
 599 004b 08       		.uleb128 0x8
 600 004c 34       		.uleb128 0x34
 601 004d 00       		.byte	0
 602 004e 03       		.uleb128 0x3
 603 004f 0E       		.uleb128 0xe
 604 0050 3A       		.uleb128 0x3a
 605 0051 0B       		.uleb128 0xb
 606 0052 3B       		.uleb128 0x3b
 607 0053 0B       		.uleb128 0xb
 608 0054 49       		.uleb128 0x49
 609 0055 13       		.uleb128 0x13
 610 0056 3F       		.uleb128 0x3f
 611 0057 19       		.uleb128 0x19
 612 0058 02       		.uleb128 0x2
 613 0059 18       		.uleb128 0x18
 614 005a 00       		.byte	0
 615 005b 00       		.byte	0
 616 005c 09       		.uleb128 0x9
 617 005d 21       		.uleb128 0x21
 618 005e 00       		.byte	0
 619 005f 49       		.uleb128 0x49
 620 0060 13       		.uleb128 0x13
 621 0061 2F       		.uleb128 0x2f
 622 0062 0B       		.uleb128 0xb
 623 0063 00       		.byte	0
ARM GAS  C:\Users\Mario\AppData\Local\Temp\cc3GNOht.s 			page 12


 624 0064 00       		.byte	0
 625 0065 00       		.byte	0
 626              		.section	.debug_aranges,"",%progbits
 627 0000 14000000 		.4byte	0x14
 628 0004 0200     		.2byte	0x2
 629 0006 00000000 		.4byte	.Ldebug_info0
 630 000a 04       		.byte	0x4
 631 000b 00       		.byte	0
 632 000c 0000     		.2byte	0
 633 000e 0000     		.2byte	0
 634 0010 00000000 		.4byte	0
 635 0014 00000000 		.4byte	0
 636              		.section	.debug_line,"",%progbits
 637              	.Ldebug_line0:
 638 0000 3D010000 		.section	.debug_str,"MS",%progbits,1
 638      02003701 
 638      00000201 
 638      FB0E0D00 
 638      01010101 
 639              	.LASF9:
 640 0000 5F5F7569 		.ascii	"__uint8_t\000"
 640      6E74385F 
 640      7400
 641              	.LASF16:
 642 000a 63795F6D 		.ascii	"cy_metadata\000"
 642      65746164 
 642      61746100 
 643              	.LASF19:
 644 0016 433A5C55 		.ascii	"C:\\Users\\Mario\\OneDrive - HTL Anichstrasse\\Doku"
 644      73657273 
 644      5C4D6172 
 644      696F5C4F 
 644      6E654472 
 645 0045 6D656E74 		.ascii	"mente\\PSoC Creator\\I2C_Sens\\dic-projekt\\I2C_Sen"
 645      655C5053 
 645      6F432043 
 645      72656174 
 645      6F725C49 
 646 0074 732E6379 		.ascii	"s.cydsn\000"
 646      64736E00 
 647              	.LASF1:
 648 007c 756E7369 		.ascii	"unsigned char\000"
 648      676E6564 
 648      20636861 
 648      7200
 649              	.LASF17:
 650 008a 474E5520 		.ascii	"GNU C11 5.4.1 20160609 (release) [ARM/embedded-5-br"
 650      43313120 
 650      352E342E 
 650      31203230 
 650      31363036 
 651 00bd 616E6368 		.ascii	"anch revision 237715] -mcpu=cortex-m3 -mthumb -g -O"
 651      20726576 
 651      6973696F 
 651      6E203233 
 651      37373135 
 652 00f0 67202D66 		.ascii	"g -ffunction-sections -ffat-lto-objects\000"
ARM GAS  C:\Users\Mario\AppData\Local\Temp\cc3GNOht.s 			page 13


 652      66756E63 
 652      74696F6E 
 652      2D736563 
 652      74696F6E 
 653              	.LASF5:
 654 0118 6C6F6E67 		.ascii	"long unsigned int\000"
 654      20756E73 
 654      69676E65 
 654      6420696E 
 654      7400
 655              	.LASF3:
 656 012a 73686F72 		.ascii	"short unsigned int\000"
 656      7420756E 
 656      7369676E 
 656      65642069 
 656      6E7400
 657              	.LASF13:
 658 013d 63795F6D 		.ascii	"cy_meta_custnvl\000"
 658      6574615F 
 658      63757374 
 658      6E766C00 
 659              	.LASF12:
 660 014d 63795F6D 		.ascii	"cy_meta_configecc\000"
 660      6574615F 
 660      636F6E66 
 660      69676563 
 660      6300
 661              	.LASF8:
 662 015f 756E7369 		.ascii	"unsigned int\000"
 662      676E6564 
 662      20696E74 
 662      00
 663              	.LASF7:
 664 016c 6C6F6E67 		.ascii	"long long unsigned int\000"
 664      206C6F6E 
 664      6720756E 
 664      7369676E 
 664      65642069 
 665              	.LASF10:
 666 0183 75696E74 		.ascii	"uint8_t\000"
 666      385F7400 
 667              	.LASF15:
 668 018b 63795F6D 		.ascii	"cy_meta_flashprotect\000"
 668      6574615F 
 668      666C6173 
 668      6870726F 
 668      74656374 
 669              	.LASF14:
 670 01a0 63795F6D 		.ascii	"cy_meta_wonvl\000"
 670      6574615F 
 670      776F6E76 
 670      6C00
 671              	.LASF11:
 672 01ae 73697A65 		.ascii	"sizetype\000"
 672      74797065 
 672      00
 673              	.LASF6:
ARM GAS  C:\Users\Mario\AppData\Local\Temp\cc3GNOht.s 			page 14


 674 01b7 6C6F6E67 		.ascii	"long long int\000"
 674      206C6F6E 
 674      6720696E 
 674      7400
 675              	.LASF2:
 676 01c5 73686F72 		.ascii	"short int\000"
 676      7420696E 
 676      7400
 677              	.LASF4:
 678 01cf 6C6F6E67 		.ascii	"long int\000"
 678      20696E74 
 678      00
 679              	.LASF0:
 680 01d8 7369676E 		.ascii	"signed char\000"
 680      65642063 
 680      68617200 
 681              	.LASF18:
 682 01e4 47656E65 		.ascii	"Generated_Source\\PSoC5\\cymetadata.c\000"
 682      72617465 
 682      645F536F 
 682      75726365 
 682      5C50536F 
 683              		.ident	"GCC: (GNU Tools for ARM Embedded Processors) 5.4.1 20160609 (release) [ARM/embedded-5-bran
